Determining if the pthread_create exist failed with the following output:
Change Dir: /home/awerkiler/progs/Mail/old1/AdvancedC ++/Project/CMakeFiles/CMakeTmp

Run Build Command:"/usr/bin/make" "cmTC_48a23/fast"
/usr/bin/make -f CMakeFiles/cmTC_48a23.dir/build.make CMakeFiles/cmTC_48a23.dir/build
make[1]: вход в каталог «/home/awerkiler/progs/Mail/old1/AdvancedC ++/Project/CMakeFiles/CMakeTmp»
Building C object CMakeFiles/cmTC_48a23.dir/CheckSymbolExists.c.o
/usr/bin/cc    -o CMakeFiles/cmTC_48a23.dir/CheckSymbolExists.c.o   -c "/home/awerkiler/progs/Mail/old1/AdvancedC ++/Project/CMakeFiles/CMakeTmp/CheckSymbolExists.c"
Linking C executable cmTC_48a23
/usr/bin/cmake -E cmake_link_script CMakeFiles/cmTC_48a23.dir/link.txt --verbose=1
/usr/bin/cc      -rdynamic CMakeFiles/cmTC_48a23.dir/CheckSymbolExists.c.o  -o cmTC_48a23 
CMakeFiles/cmTC_48a23.dir/CheckSymbolExists.c.o: In function `main':
CheckSymbolExists.c:(.text+0x1b): undefined reference to `pthread_create'
collect2: error: ld returned 1 exit status
CMakeFiles/cmTC_48a23.dir/build.make:97: recipe for target 'cmTC_48a23' failed
make[1]: *** [cmTC_48a23] Error 1
make[1]: выход из каталога «/home/awerkiler/progs/Mail/old1/AdvancedC ++/Project/CMakeFiles/CMakeTmp»
Makefile:126: recipe for target 'cmTC_48a23/fast' failed
make: *** [cmTC_48a23/fast] Error 2

File /home/awerkiler/progs/Mail/old1/AdvancedC ++/Project/CMakeFiles/CMakeTmp/CheckSymbolExists.c:
/* */
#include <pthread.h>

int main(int argc, char** argv)
{
  (void)argv;
#ifndef pthread_create
  return ((int*)(&pthread_create))[argc];
#else
  (void)argc;
  return 0;
#endif
}

Determining if the function pthread_create exists in the pthreads failed with the following output:
Change Dir: /home/awerkiler/progs/Mail/old1/AdvancedC ++/Project/CMakeFiles/CMakeTmp

Run Build Command:"/usr/bin/make" "cmTC_7441a/fast"
/usr/bin/make -f CMakeFiles/cmTC_7441a.dir/build.make CMakeFiles/cmTC_7441a.dir/build
make[1]: вход в каталог «/home/awerkiler/progs/Mail/old1/AdvancedC ++/Project/CMakeFiles/CMakeTmp»
Building C object CMakeFiles/cmTC_7441a.dir/CheckFunctionExists.c.o
/usr/bin/cc   -DCHECK_FUNCTION_EXISTS=pthread_create   -o CMakeFiles/cmTC_7441a.dir/CheckFunctionExists.c.o   -c /usr/share/cmake-3.10/Modules/CheckFunctionExists.c
Linking C executable cmTC_7441a
/usr/bin/cmake -E cmake_link_script CMakeFiles/cmTC_7441a.dir/link.txt --verbose=1
/usr/bin/cc  -DCHECK_FUNCTION_EXISTS=pthread_create    -rdynamic CMakeFiles/cmTC_7441a.dir/CheckFunctionExists.c.o  -o cmTC_7441a -lpthreads 
/usr/bin/ld: cannot find -lpthreads
collect2: error: ld returned 1 exit status
CMakeFiles/cmTC_7441a.dir/build.make:97: recipe for target 'cmTC_7441a' failed
make[1]: *** [cmTC_7441a] Error 1
make[1]: выход из каталога «/home/awerkiler/progs/Mail/old1/AdvancedC ++/Project/CMakeFiles/CMakeTmp»
Makefile:126: recipe for target 'cmTC_7441a/fast' failed
make: *** [cmTC_7441a/fast] Error 2


